Copyright 1986-2019 Xilinx, Inc. All Rights Reserved.
------------------------------------------------------------------------------------
| Tool Version : Vivado v.2019.1 (win64) Build 2552052 Fri May 24 14:49:42 MDT 2019
| Date         : Tue Mar  9 04:32:24 2021
| Host         : SOROUSHJAHA7F01 running 64-bit major release  (build 9200)
| Command      : upgrade_ip
| Device       : xc7vx485tffg1157-1
------------------------------------------------------------------------------------

Upgrade Log for IP 'BCD_adder_tda_0_3'

1. Summary
----------

SUCCESS in the upgrade of BCD_adder_tda_0_3 (Group5:user:tda:1.0) from (Rev. 3) to (Rev. 4)






Copyright 1986-2019 Xilinx, Inc. All Rights Reserved.
------------------------------------------------------------------------------------
| Tool Version : Vivado v.2019.1 (win64) Build 2552052 Fri May 24 14:49:42 MDT 2019
| Date         : Tue Mar  9 04:32:24 2021
| Host         : SOROUSHJAHA7F01 running 64-bit major release  (build 9200)
| Command      : upgrade_ip
| Device       : xc7vx485tffg1157-1
------------------------------------------------------------------------------------

Upgrade Log for IP 'BCD_adder_tda_0_2'

1. Summary
----------

SUCCESS in the upgrade of BCD_adder_tda_0_2 (Group5:user:tda:1.0) from (Rev. 3) to (Rev. 4)

